# JRE version: OpenJDK Runtime Environment Temurin-21.0.10+7 (21.0.10+7) (build 21.0.10+7-LTS)
# Java VM: OpenJDK 64-Bit Server VM Temurin-21.0.10+7 (21.0.10+7-LTS, mixed mode, sharing, tiered, compressed oops, compressed class ptrs, g1 gc, windows-amd64)
GC Precious Log:
 CardTable entry size: 512
 Card Set container configuration: InlinePtr #cards 5 size 8 Array Of Cards #cards 12 size 40 Howl #buckets 4 coarsen threshold 1843 Howl Bitmap #cards 512 size 80 coarsen threshold 460 Card regions per heap region 1 cards per card region 2048
 CPUs: 8 total, 8 available
 Memory: 7834M
 Large Page Support: Disabled
 NUMA Support: Disabled
 Compressed Oops: Enabled (32-bit)
 Heap Region Size: 1M
 Heap Min Capacity: 8M
 Heap Initial Capacity: 124M
 Heap Max Capacity: 1536M
 Pre-touch: Disabled
 Parallel Workers: 8
 Concurrent Workers: 2
 Concurrent Refinement Workers: 8
 Periodic GC: Disabled
Heap:
 garbage-first heap   total 126976K, used 30131K [0x00000000a0000000, 0x0000000100000000)
  region size 1024K, 14 young (14336K), 6 survivors (6144K)
 Metaspace       used 19229K, committed 19840K, reserved 491520K
  class space    used 2803K, committed 3072K, reserved 425984K
GC Heap History (8 events):
Event: 1.311 GC heap before
{Heap before GC invocations=0 (full 0):
 garbage-first heap   total 126976K, used 22528K [0x00000000a0000000, 0x0000000100000000)
  region size 1024K, 23 young (23552K), 0 survivors (0K)
 Metaspace       used 1082K, committed 1216K, reserved 491520K
  class space    used 81K, committed 128K, reserved 425984K
}
Event: 1.342 GC heap after
{Heap after GC invocations=1 (full 0):
 garbage-first heap   total 126976K, used 2304K [0x00000000a0000000, 0x0000000100000000)
  region size 1024K, 3 young (3072K), 3 survivors (3072K)
 Metaspace       used 1082K, committed 1216K, reserved 491520K
  class space    used 81K, committed 128K, reserved 425984K
}
Event: 3.919 GC heap before
{Heap before GC invocations=1 (full 0):
 garbage-first heap   total 126976K, used 40192K [0x00000000a0000000, 0x0000000100000000)
  region size 1024K, 38 young (38912K), 3 survivors (3072K)
 Metaspace       used 4418K, committed 4608K, reserved 491520K
  class space    used 560K, committed 640K, reserved 425984K
}
Event: 3.932 GC heap after
{Heap after GC invocations=2 (full 0):
 garbage-first heap   total 126976K, used 11052K [0x00000000a0000000, 0x0000000100000000)
  region size 1024K, 5 young (5120K), 5 survivors (5120K)
 Metaspace       used 4418K, committed 4608K, reserved 491520K
  class space    used 560K, committed 640K, reserved 425984K
}
Event: 5.993 GC heap before
{Heap before GC invocations=2 (full 0):
 garbage-first heap   total 126976K, used 59180K [0x00000000a0000000, 0x0000000100000000)
  region size 1024K, 51 young (52224K), 5 survivors (5120K)
 Metaspace       used 5788K, committed 6016K, reserved 491520K
  class space    used 776K, committed 896K, reserved 425984K
}
Event: 6.010 GC heap after
{Heap after GC invocations=3 (full 0):
 garbage-first heap   total 126976K, used 17822K [0x00000000a0000000, 0x0000000100000000)
  region size 1024K, 6 young (6144K), 6 survivors (6144K)
 Metaspace       used 5788K, committed 6016K, reserved 491520K
  class space    used 776K, committed 896K, reserved 425984K
}
Event: 14.323 GC heap before
{Heap before GC invocations=3 (full 0):
 garbage-first heap   total 126976K, used 86430K [0x00000000a0000000, 0x0000000100000000)
  region size 1024K, 74 young (75776K), 6 survivors (6144K)
 Metaspace       used 18359K, committed 19008K, reserved 491520K
  class space    used 2654K, committed 2944K, reserved 425984K
}
Event: 14.342 GC heap after
{Heap after GC invocations=4 (full 0):
 garbage-first heap   total 126976K, used 22963K [0x00000000a0000000, 0x0000000100000000)
  region size 1024K, 6 young (6144K), 6 survivors (6144K)
 Metaspace       used 18359K, committed 19008K, reserved 491520K
  class space    used 2654K, committed 2944K, reserved 425984K
}

