# JRE version: OpenJDK Runtime Environment Microsoft-13106404 (21.0.10+7) (build 21.0.10+7-LTS)
# Java VM: OpenJDK 64-Bit Server VM Microsoft-13106404 (21.0.10+7-LTS, mixed mode, sharing, tiered, compressed oops, compressed class ptrs, g1 gc, windows-amd64)
GC Precious Log:
 CardTable entry size: 512
 Card Set container configuration: InlinePtr #cards 5 size 8 Array Of Cards #cards 12 size 40 Howl #buckets 4 coarsen threshold 1843 Howl Bitmap #cards 512 size 80 coarsen threshold 460 Card regions per heap region 1 cards per card region 2048
 CPUs: 8 total, 8 available
 Memory: 7834M
 Large Page Support: Disabled
 NUMA Support: Disabled
 Compressed Oops: Enabled (32-bit)
 Heap Region Size: 1M
 Heap Min Capacity: 8M
 Heap Initial Capacity: 124M
 Heap Max Capacity: 1960M
 Pre-touch: Disabled
 Parallel Workers: 8
 Concurrent Workers: 2
 Concurrent Refinement Workers: 8
 Periodic GC: Disabled
Heap:
 garbage-first heap   total 377856K, used 257868K [0x0000000085800000, 0x0000000100000000)
  region size 1024K, 25 young (25600K), 2 survivors (2048K)
 Metaspace       used 81217K, committed 82240K, reserved 1179648K
  class space    used 9017K, committed 9536K, reserved 1048576K
GC Heap History (20 events):
Event: 376.322 GC heap before
{Heap before GC invocations=57 (full 0):
 garbage-first heap   total 304128K, used 245702K [0x0000000085800000, 0x0000000100000000)
  region size 1024K, 58 young (59392K), 6 survivors (6144K)
 Metaspace       used 80753K, committed 81792K, reserved 1179648K
  class space    used 8994K, committed 9472K, reserved 1048576K
}
Event: 376.412 GC heap after
{Heap after GC invocations=58 (full 0):
 garbage-first heap   total 304128K, used 195585K [0x0000000085800000, 0x0000000100000000)
  region size 1024K, 4 young (4096K), 4 survivors (4096K)
 Metaspace       used 80753K, committed 81792K, reserved 1179648K
  class space    used 8994K, committed 9472K, reserved 1048576K
}
Event: 391.135 GC heap before
{Heap before GC invocations=59 (full 0):
 garbage-first heap   total 327680K, used 284673K [0x0000000085800000, 0x0000000100000000)
  region size 1024K, 91 young (93184K), 4 survivors (4096K)
 Metaspace       used 80849K, committed 81856K, reserved 1179648K
  class space    used 9001K, committed 9472K, reserved 1048576K
}
Event: 391.187 GC heap after
{Heap after GC invocations=60 (full 0):
 garbage-first heap   total 327680K, used 200804K [0x0000000085800000, 0x0000000100000000)
  region size 1024K, 9 young (9216K), 9 survivors (9216K)
 Metaspace       used 80849K, committed 81856K, reserved 1179648K
  class space    used 9001K, committed 9472K, reserved 1048576K
}
Event: 392.047 GC heap before
{Heap before GC invocations=60 (full 0):
 garbage-first heap   total 327680K, used 207972K [0x0000000085800000, 0x0000000100000000)
  region size 1024K, 16 young (16384K), 9 survivors (9216K)
 Metaspace       used 80862K, committed 81856K, reserved 1179648K
  class space    used 9001K, committed 9472K, reserved 1048576K
}
Event: 392.108 GC heap after
{Heap after GC invocations=61 (full 0):
 garbage-first heap   total 327680K, used 201457K [0x0000000085800000, 0x0000000100000000)
  region size 1024K, 2 young (2048K), 2 survivors (2048K)
 Metaspace       used 80862K, committed 81856K, reserved 1179648K
  class space    used 9001K, committed 9472K, reserved 1048576K
}
Event: 414.526 GC heap before
{Heap before GC invocations=61 (full 0):
 garbage-first heap   total 327680K, used 305905K [0x0000000085800000, 0x0000000100000000)
  region size 1024K, 104 young (106496K), 2 survivors (2048K)
 Metaspace       used 80956K, committed 82048K, reserved 1179648K
  class space    used 9006K, committed 9536K, reserved 1048576K
}
Event: 414.714 GC heap after
{Heap after GC invocations=62 (full 0):
 garbage-first heap   total 327680K, used 206506K [0x0000000085800000, 0x0000000100000000)
  region size 1024K, 8 young (8192K), 8 survivors (8192K)
 Metaspace       used 80956K, committed 82048K, reserved 1179648K
  class space    used 9006K, committed 9536K, reserved 1048576K
}
Event: 437.409 GC heap before
{Heap before GC invocations=62 (full 0):
 garbage-first heap   total 327680K, used 296618K [0x0000000085800000, 0x0000000100000000)
  region size 1024K, 96 young (98304K), 8 survivors (8192K)
 Metaspace       used 81063K, committed 82112K, reserved 1179648K
  class space    used 9007K, committed 9536K, reserved 1048576K
}
Event: 437.524 GC heap after
{Heap after GC invocations=63 (full 0):
 garbage-first heap   total 327680K, used 212721K [0x0000000085800000, 0x0000000100000000)
  region size 1024K, 7 young (7168K), 7 survivors (7168K)
 Metaspace       used 81063K, committed 82112K, reserved 1179648K
  class space    used 9007K, committed 9536K, reserved 1048576K
}
Event: 450.036 GC heap before
{Heap before GC invocations=63 (full 0):
 garbage-first heap   total 327680K, used 265969K [0x0000000085800000, 0x0000000100000000)
  region size 1024K, 60 young (61440K), 7 survivors (7168K)
 Metaspace       used 81083K, committed 82176K, reserved 1179648K
  class space    used 9007K, committed 9536K, reserved 1048576K
}
Event: 450.096 GC heap after
{Heap after GC invocations=64 (full 0):
 garbage-first heap   total 327680K, used 215929K [0x0000000085800000, 0x0000000100000000)
  region size 1024K, 10 young (10240K), 10 survivors (10240K)
 Metaspace       used 81083K, committed 82176K, reserved 1179648K
  class space    used 9007K, committed 9536K, reserved 1048576K
}
Event: 461.108 GC heap before
{Heap before GC invocations=65 (full 0):
 garbage-first heap   total 377856K, used 269177K [0x0000000085800000, 0x0000000100000000)
  region size 1024K, 53 young (54272K), 10 survivors (10240K)
 Metaspace       used 81104K, committed 82176K, reserved 1179648K
  class space    used 9008K, committed 9536K, reserved 1048576K
}
Event: 461.276 GC heap after
{Heap after GC invocations=66 (full 0):
 garbage-first heap   total 377856K, used 228426K [0x0000000085800000, 0x0000000100000000)
  region size 1024K, 7 young (7168K), 7 survivors (7168K)
 Metaspace       used 81104K, committed 82176K, reserved 1179648K
  class space    used 9008K, committed 9536K, reserved 1048576K
}
Event: 464.579 GC heap before
{Heap before GC invocations=66 (full 0):
 garbage-first heap   total 377856K, used 240714K [0x0000000085800000, 0x0000000100000000)
  region size 1024K, 19 young (19456K), 7 survivors (7168K)
 Metaspace       used 81112K, committed 82176K, reserved 1179648K
  class space    used 9008K, committed 9536K, reserved 1048576K
}
Event: 464.724 GC heap after
{Heap after GC invocations=67 (full 0):
 garbage-first heap   total 377856K, used 229592K [0x0000000085800000, 0x0000000100000000)
  region size 1024K, 2 young (2048K), 2 survivors (2048K)
 Metaspace       used 81112K, committed 82176K, reserved 1179648K
  class space    used 9008K, committed 9536K, reserved 1048576K
}
Event: 484.495 GC heap before
{Heap before GC invocations=67 (full 0):
 garbage-first heap   total 377856K, used 307416K [0x0000000085800000, 0x0000000100000000)
  region size 1024K, 78 young (79872K), 2 survivors (2048K)
 Metaspace       used 81156K, committed 82240K, reserved 1179648K
  class space    used 9009K, committed 9536K, reserved 1048576K
}
Event: 484.812 GC heap after
{Heap after GC invocations=68 (full 0):
 garbage-first heap   total 377856K, used 234218K [0x0000000085800000, 0x0000000100000000)
  region size 1024K, 7 young (7168K), 7 survivors (7168K)
 Metaspace       used 81156K, committed 82240K, reserved 1179648K
  class space    used 9009K, committed 9536K, reserved 1048576K
}
Event: 486.923 GC heap before
{Heap before GC invocations=68 (full 0):
 garbage-first heap   total 377856K, used 245482K [0x0000000085800000, 0x0000000100000000)
  region size 1024K, 18 young (18432K), 7 survivors (7168K)
 Metaspace       used 81157K, committed 82240K, reserved 1179648K
  class space    used 9009K, committed 9536K, reserved 1048576K
}
Event: 487.054 GC heap after
{Heap after GC invocations=69 (full 0):
 garbage-first heap   total 377856K, used 235340K [0x0000000085800000, 0x0000000100000000)
  region size 1024K, 2 young (2048K), 2 survivors (2048K)
 Metaspace       used 81157K, committed 82240K, reserved 1179648K
  class space    used 9009K, committed 9536K, reserved 1048576K
}

