# JRE version: OpenJDK Runtime Environment Microsoft-13106404 (21.0.10+7) (build 21.0.10+7-LTS)
# Java VM: OpenJDK 64-Bit Server VM Microsoft-13106404 (21.0.10+7-LTS, mixed mode, sharing, tiered, compressed oops, compressed class ptrs, g1 gc, windows-amd64)
GC Precious Log:
 CardTable entry size: 512
 Card Set container configuration: InlinePtr #cards 5 size 8 Array Of Cards #cards 12 size 40 Howl #buckets 4 coarsen threshold 1843 Howl Bitmap #cards 512 size 80 coarsen threshold 460 Card regions per heap region 1 cards per card region 2048
 CPUs: 8 total, 8 available
 Memory: 7834M
 Large Page Support: Disabled
 NUMA Support: Disabled
 Compressed Oops: Enabled (32-bit)
 Heap Region Size: 1M
 Heap Min Capacity: 8M
 Heap Initial Capacity: 124M
 Heap Max Capacity: 1960M
 Pre-touch: Disabled
 Parallel Workers: 8
 Concurrent Workers: 2
 Concurrent Refinement Workers: 8
 Periodic GC: Disabled
Heap:
 garbage-first heap   total 66560K, used 46268K [0x0000000085800000, 0x0000000100000000)
  region size 1024K, 5 young (5120K), 3 survivors (3072K)
 Metaspace       used 45251K, committed 45696K, reserved 1114112K
  class space    used 5491K, committed 5696K, reserved 1048576K
GC Heap History (20 events):
Event: 87.432 GC heap before
{Heap before GC invocations=6 (full 0):
 garbage-first heap   total 52224K, used 42474K [0x0000000085800000, 0x0000000100000000)
  region size 1024K, 27 young (27648K), 3 survivors (3072K)
 Metaspace       used 33634K, committed 34048K, reserved 1114112K
  class space    used 3760K, committed 3968K, reserved 1048576K
}
Event: 87.453 GC heap after
{Heap after GC invocations=7 (full 0):
 garbage-first heap   total 52224K, used 20605K [0x0000000085800000, 0x0000000100000000)
  region size 1024K, 3 young (3072K), 3 survivors (3072K)
 Metaspace       used 33634K, committed 34048K, reserved 1114112K
  class space    used 3760K, committed 3968K, reserved 1048576K
}
Event: 107.321 GC heap before
{Heap before GC invocations=7 (full 0):
 garbage-first heap   total 52224K, used 43133K [0x0000000085800000, 0x0000000100000000)
  region size 1024K, 25 young (25600K), 3 survivors (3072K)
 Metaspace       used 33635K, committed 34048K, reserved 1114112K
  class space    used 3760K, committed 3968K, reserved 1048576K
}
Event: 107.360 GC heap after
{Heap after GC invocations=8 (full 0):
 garbage-first heap   total 52224K, used 20649K [0x0000000085800000, 0x0000000100000000)
  region size 1024K, 1 young (1024K), 1 survivors (1024K)
 Metaspace       used 33635K, committed 34048K, reserved 1114112K
  class space    used 3760K, committed 3968K, reserved 1048576K
}
Event: 119.474 GC heap before
{Heap before GC invocations=8 (full 0):
 garbage-first heap   total 52224K, used 46249K [0x0000000085800000, 0x0000000100000000)
  region size 1024K, 24 young (24576K), 1 survivors (1024K)
 Metaspace       used 34439K, committed 34880K, reserved 1114112K
  class space    used 3819K, committed 4032K, reserved 1048576K
}
Event: 119.648 GC heap after
{Heap after GC invocations=9 (full 0):
 garbage-first heap   total 52224K, used 24006K [0x0000000085800000, 0x0000000100000000)
  region size 1024K, 2 young (2048K), 2 survivors (2048K)
 Metaspace       used 34439K, committed 34880K, reserved 1114112K
  class space    used 3819K, committed 4032K, reserved 1048576K
}
Event: 120.670 GC heap before
{Heap before GC invocations=9 (full 0):
 garbage-first heap   total 52224K, used 36294K [0x0000000085800000, 0x0000000100000000)
  region size 1024K, 15 young (15360K), 2 survivors (2048K)
 Metaspace       used 34525K, committed 34944K, reserved 1114112K
  class space    used 3825K, committed 4032K, reserved 1048576K
}
Event: 120.703 GC heap after
{Heap after GC invocations=10 (full 0):
 garbage-first heap   total 52224K, used 25818K [0x0000000085800000, 0x0000000100000000)
  region size 1024K, 3 young (3072K), 3 survivors (3072K)
 Metaspace       used 34525K, committed 34944K, reserved 1114112K
  class space    used 3825K, committed 4032K, reserved 1048576K
}
Event: 121.549 GC heap before
{Heap before GC invocations=11 (full 0):
 garbage-first heap   total 52224K, used 45274K [0x0000000085800000, 0x0000000100000000)
  region size 1024K, 20 young (20480K), 3 survivors (3072K)
 Metaspace       used 34608K, committed 35136K, reserved 1114112K
  class space    used 3825K, committed 4032K, reserved 1048576K
}
Event: 121.568 GC heap after
{Heap after GC invocations=12 (full 0):
 garbage-first heap   total 65536K, used 30883K [0x0000000085800000, 0x0000000100000000)
  region size 1024K, 3 young (3072K), 3 survivors (3072K)
 Metaspace       used 34608K, committed 35136K, reserved 1114112K
  class space    used 3825K, committed 4032K, reserved 1048576K
}
Event: 122.212 GC heap before
{Heap before GC invocations=12 (full 0):
 garbage-first heap   total 65536K, used 52387K [0x0000000085800000, 0x0000000100000000)
  region size 1024K, 23 young (23552K), 3 survivors (3072K)
 Metaspace       used 34619K, committed 35136K, reserved 1114112K
  class space    used 3825K, committed 4032K, reserved 1048576K
}
Event: 122.221 GC heap after
{Heap after GC invocations=13 (full 0):
 garbage-first heap   total 65536K, used 36026K [0x0000000085800000, 0x0000000100000000)
  region size 1024K, 3 young (3072K), 3 survivors (3072K)
 Metaspace       used 34619K, committed 35136K, reserved 1114112K
  class space    used 3825K, committed 4032K, reserved 1048576K
}
Event: 124.841 GC heap before
{Heap before GC invocations=13 (full 0):
 garbage-first heap   total 65536K, used 52410K [0x0000000085800000, 0x0000000100000000)
  region size 1024K, 20 young (20480K), 3 survivors (3072K)
 Metaspace       used 39733K, committed 40192K, reserved 1114112K
  class space    used 4732K, committed 4928K, reserved 1048576K
}
Event: 124.860 GC heap after
{Heap after GC invocations=14 (full 0):
 garbage-first heap   total 65536K, used 38131K [0x0000000085800000, 0x0000000100000000)
  region size 1024K, 2 young (2048K), 2 survivors (2048K)
 Metaspace       used 39733K, committed 40192K, reserved 1114112K
  class space    used 4732K, committed 4928K, reserved 1048576K
}
Event: 125.635 GC heap before
{Heap before GC invocations=15 (full 0):
 garbage-first heap   total 65536K, used 55539K [0x0000000085800000, 0x0000000100000000)
  region size 1024K, 18 young (18432K), 2 survivors (2048K)
 Metaspace       used 40805K, committed 41216K, reserved 1114112K
  class space    used 4845K, committed 5056K, reserved 1048576K
}
Event: 125.642 GC heap after
{Heap after GC invocations=16 (full 0):
 garbage-first heap   total 65536K, used 40960K [0x0000000085800000, 0x0000000100000000)
  region size 1024K, 3 young (3072K), 3 survivors (3072K)
 Metaspace       used 40805K, committed 41216K, reserved 1114112K
  class space    used 4845K, committed 5056K, reserved 1048576K
}
Event: 126.484 GC heap before
{Heap before GC invocations=16 (full 0):
 garbage-first heap   total 65536K, used 57344K [0x0000000085800000, 0x0000000100000000)
  region size 1024K, 18 young (18432K), 3 survivors (3072K)
 Metaspace       used 42129K, committed 42496K, reserved 1114112K
  class space    used 5180K, committed 5376K, reserved 1048576K
}
Event: 126.491 GC heap after
{Heap after GC invocations=17 (full 0):
 garbage-first heap   total 66560K, used 43475K [0x0000000085800000, 0x0000000100000000)
  region size 1024K, 3 young (3072K), 3 survivors (3072K)
 Metaspace       used 42129K, committed 42496K, reserved 1114112K
  class space    used 5180K, committed 5376K, reserved 1048576K
}
Event: 127.447 GC heap before
{Heap before GC invocations=17 (full 0):
 garbage-first heap   total 66560K, used 56787K [0x0000000085800000, 0x0000000100000000)
  region size 1024K, 17 young (17408K), 3 survivors (3072K)
 Metaspace       used 44909K, committed 45312K, reserved 1114112K
  class space    used 5463K, committed 5632K, reserved 1048576K
}
Event: 127.453 GC heap after
{Heap after GC invocations=18 (full 0):
 garbage-first heap   total 66560K, used 46268K [0x0000000085800000, 0x0000000100000000)
  region size 1024K, 3 young (3072K), 3 survivors (3072K)
 Metaspace       used 44909K, committed 45312K, reserved 1114112K
  class space    used 5463K, committed 5632K, reserved 1048576K
}

