# JRE version: OpenJDK Runtime Environment Microsoft-13106404 (21.0.10+7) (build 21.0.10+7-LTS)
# Java VM: OpenJDK 64-Bit Server VM Microsoft-13106404 (21.0.10+7-LTS, mixed mode, sharing, tiered, compressed oops, compressed class ptrs, g1 gc, windows-amd64)
GC Precious Log:
 CardTable entry size: 512
 Card Set container configuration: InlinePtr #cards 5 size 8 Array Of Cards #cards 12 size 40 Howl #buckets 4 coarsen threshold 1843 Howl Bitmap #cards 512 size 80 coarsen threshold 460 Card regions per heap region 1 cards per card region 2048
 CPUs: 8 total, 8 available
 Memory: 7834M
 Large Page Support: Disabled
 NUMA Support: Disabled
 Compressed Oops: Enabled (32-bit)
 Heap Region Size: 1M
 Heap Min Capacity: 8M
 Heap Initial Capacity: 124M
 Heap Max Capacity: 1960M
 Pre-touch: Disabled
 Parallel Workers: 8
 Concurrent Workers: 2
 Concurrent Refinement Workers: 8
 Periodic GC: Disabled
Heap:
 garbage-first heap   total 324608K, used 289251K [0x0000000085800000, 0x0000000100000000)
  region size 1024K, 94 young (96256K), 9 survivors (9216K)
 Metaspace       used 76895K, committed 77888K, reserved 1179648K
  class space    used 8840K, committed 9344K, reserved 1048576K
GC Heap History (20 events):
Event: 63.888 GC heap before
{Heap before GC invocations=49 (full 0):
 garbage-first heap   total 198656K, used 160543K [0x0000000085800000, 0x0000000100000000)
  region size 1024K, 46 young (47104K), 6 survivors (6144K)
 Metaspace       used 71393K, committed 72320K, reserved 1114112K
  class space    used 8368K, committed 8832K, reserved 1048576K
}
Event: 63.898 GC heap after
{Heap after GC invocations=50 (full 0):
 garbage-first heap   total 198656K, used 122034K [0x0000000085800000, 0x0000000100000000)
  region size 1024K, 6 young (6144K), 6 survivors (6144K)
 Metaspace       used 71393K, committed 72320K, reserved 1114112K
  class space    used 8368K, committed 8832K, reserved 1048576K
}
Event: 65.150 GC heap before
{Heap before GC invocations=50 (full 0):
 garbage-first heap   total 198656K, used 181426K [0x0000000085800000, 0x0000000100000000)
  region size 1024K, 62 young (63488K), 6 survivors (6144K)
 Metaspace       used 71607K, committed 72576K, reserved 1114112K
  class space    used 8378K, committed 8832K, reserved 1048576K
}
Event: 65.191 GC heap after
{Heap after GC invocations=51 (full 0):
 garbage-first heap   total 200704K, used 129502K [0x0000000085800000, 0x0000000100000000)
  region size 1024K, 8 young (8192K), 8 survivors (8192K)
 Metaspace       used 71607K, committed 72576K, reserved 1114112K
  class space    used 8378K, committed 8832K, reserved 1048576K
}
Event: 65.834 GC heap before
{Heap before GC invocations=51 (full 0):
 garbage-first heap   total 200704K, used 167390K [0x0000000085800000, 0x0000000100000000)
  region size 1024K, 46 young (47104K), 8 survivors (8192K)
 Metaspace       used 71758K, committed 72768K, reserved 1114112K
  class space    used 8379K, committed 8896K, reserved 1048576K
}
Event: 65.866 GC heap after
{Heap after GC invocations=52 (full 0):
 garbage-first heap   total 200704K, used 135339K [0x0000000085800000, 0x0000000100000000)
  region size 1024K, 6 young (6144K), 6 survivors (6144K)
 Metaspace       used 71758K, committed 72768K, reserved 1114112K
  class space    used 8379K, committed 8896K, reserved 1048576K
}
Event: 67.115 GC heap before
{Heap before GC invocations=53 (full 0):
 garbage-first heap   total 230400K, used 185515K [0x0000000085800000, 0x0000000100000000)
  region size 1024K, 51 young (52224K), 6 survivors (6144K)
 Metaspace       used 71822K, committed 72832K, reserved 1114112K
  class space    used 8379K, committed 8896K, reserved 1048576K
}
Event: 67.128 GC heap after
{Heap after GC invocations=54 (full 0):
 garbage-first heap   total 230400K, used 145083K [0x0000000085800000, 0x0000000100000000)
  region size 1024K, 7 young (7168K), 7 survivors (7168K)
 Metaspace       used 71822K, committed 72832K, reserved 1114112K
  class space    used 8379K, committed 8896K, reserved 1048576K
}
Event: 68.313 GC heap before
{Heap before GC invocations=54 (full 0):
 garbage-first heap   total 230400K, used 211643K [0x0000000085800000, 0x0000000100000000)
  region size 1024K, 67 young (68608K), 7 survivors (7168K)
 Metaspace       used 71929K, committed 72960K, reserved 1114112K
  class space    used 8379K, committed 8896K, reserved 1048576K
}
Event: 68.326 GC heap after
{Heap after GC invocations=55 (full 0):
 garbage-first heap   total 234496K, used 156672K [0x0000000085800000, 0x0000000100000000)
  region size 1024K, 9 young (9216K), 9 survivors (9216K)
 Metaspace       used 71929K, committed 72960K, reserved 1114112K
  class space    used 8379K, committed 8896K, reserved 1048576K
}
Event: 69.070 GC heap before
{Heap before GC invocations=55 (full 0):
 garbage-first heap   total 234496K, used 190464K [0x0000000085800000, 0x0000000100000000)
  region size 1024K, 43 young (44032K), 9 survivors (9216K)
 Metaspace       used 72001K, committed 73024K, reserved 1114112K
  class space    used 8379K, committed 8896K, reserved 1048576K
}
Event: 69.081 GC heap after
{Heap after GC invocations=56 (full 0):
 garbage-first heap   total 281600K, used 162046K [0x0000000085800000, 0x0000000100000000)
  region size 1024K, 5 young (5120K), 5 survivors (5120K)
 Metaspace       used 72001K, committed 73024K, reserved 1114112K
  class space    used 8379K, committed 8896K, reserved 1048576K
}
Event: 72.117 GC heap before
{Heap before GC invocations=57 (full 0):
 garbage-first heap   total 281600K, used 249086K [0x0000000085800000, 0x0000000100000000)
  region size 1024K, 85 young (87040K), 5 survivors (5120K)
 Metaspace       used 73711K, committed 74688K, reserved 1179648K
  class space    used 8585K, committed 9088K, reserved 1048576K
}
Event: 72.131 GC heap after
{Heap after GC invocations=58 (full 0):
 garbage-first heap   total 281600K, used 173497K [0x0000000085800000, 0x0000000100000000)
  region size 1024K, 11 young (11264K), 11 survivors (11264K)
 Metaspace       used 73711K, committed 74688K, reserved 1179648K
  class space    used 8585K, committed 9088K, reserved 1048576K
}
Event: 74.798 GC heap before
{Heap before GC invocations=58 (full 0):
 garbage-first heap   total 281600K, used 251321K [0x0000000085800000, 0x0000000100000000)
  region size 1024K, 82 young (83968K), 11 survivors (11264K)
 Metaspace       used 74824K, committed 75776K, reserved 1179648K
  class space    used 8679K, committed 9152K, reserved 1048576K
}
Event: 74.839 GC heap after
{Heap after GC invocations=59 (full 0):
 garbage-first heap   total 281600K, used 182409K [0x0000000085800000, 0x0000000100000000)
  region size 1024K, 11 young (11264K), 11 survivors (11264K)
 Metaspace       used 74824K, committed 75776K, reserved 1179648K
  class space    used 8679K, committed 9152K, reserved 1048576K
}
Event: 76.959 GC heap before
{Heap before GC invocations=59 (full 0):
 garbage-first heap   total 281600K, used 216201K [0x0000000085800000, 0x0000000100000000)
  region size 1024K, 46 young (47104K), 11 survivors (11264K)
 Metaspace       used 75784K, committed 76736K, reserved 1179648K
  class space    used 8753K, committed 9216K, reserved 1048576K
}
Event: 76.982 GC heap after
{Heap after GC invocations=60 (full 0):
 garbage-first heap   total 281600K, used 189767K [0x0000000085800000, 0x0000000100000000)
  region size 1024K, 7 young (7168K), 7 survivors (7168K)
 Metaspace       used 75784K, committed 76736K, reserved 1179648K
  class space    used 8753K, committed 9216K, reserved 1048576K
}
Event: 78.107 GC heap before
{Heap before GC invocations=61 (full 0):
 garbage-first heap   total 324608K, used 256327K [0x0000000085800000, 0x0000000100000000)
  region size 1024K, 67 young (68608K), 7 survivors (7168K)
 Metaspace       used 76135K, committed 77120K, reserved 1179648K
  class space    used 8807K, committed 9280K, reserved 1048576K
}
Event: 78.121 GC heap after
{Heap after GC invocations=62 (full 0):
 garbage-first heap   total 324608K, used 198115K [0x0000000085800000, 0x0000000100000000)
  region size 1024K, 9 young (9216K), 9 survivors (9216K)
 Metaspace       used 76135K, committed 77120K, reserved 1179648K
  class space    used 8807K, committed 9280K, reserved 1048576K
}

